<?xml version="1.0" encoding="UTF-8"?>
<testsuite name="com.twitter.tests.CrossBrowserTest" tests="1" skipped="0" failures="0" errors="0" timestamp="2020-01-22T13:34:04" hostname="admin1-desktop" time="14.69">
  <properties/>
  <testcase name="crossBrowserTest" classname="com.twitter.tests.CrossBrowserTest" time="14.69"/>
  <system-out><![CDATA[]]></system-out>
  <system-err><![CDATA[Starting ChromeDriver 77.0.3865.40 (f484704e052e0b556f8030b65b953dce96503217-refs/branch-heads/3865@{#442}) on port 30931
Only local connections are allowed.
Please protect ports used by ChromeDriver and related test frameworks to prevent access by malicious code.
Jan 22, 2020 7:04:04 PM org.openqa.selenium.remote.ProtocolHandshake createSession
INFO: Detected dialect: W3C
]]></system-err>
</testsuite>
